

================================================================
== Vitis HLS Report for 'seq_write_burst_Pipeline_seq_write_burst_loop'
================================================================
* Date:           Tue May 23 21:28:28 2023

* Version:        2022.1.2 (Build 3605665 on Fri Aug  5 22:52:02 MDT 2022)
* Project:        hbm_kernel
* Solution:       solution (Vitis Kernel Flow Target)
* Product family: virtexuplus
* Target device:  xcu280-fsvh2892-2L-e


================================================================
== Performance Estimates
================================================================
+ Timing: 
    * Summary: 
    +--------+---------+----------+------------+
    |  Clock |  Target | Estimated| Uncertainty|
    +--------+---------+----------+------------+
    |ap_clk  |  3.33 ns|  2.433 ns|     0.90 ns|
    +--------+---------+----------+------------+

+ Latency: 
    * Summary: 
    +---------+---------+----------+----------+-----+-----+---------+
    |  Latency (cycles) |  Latency (absolute) |  Interval | Pipeline|
    |   min   |   max   |    min   |    max   | min | max |   Type  |
    +---------+---------+----------+----------+-----+-----+---------+
    |        ?|        ?|         ?|         ?|    ?|    ?|       no|
    +---------+---------+----------+----------+-----+-----+---------+

    + Detail: 
        * Instance: 
        N/A

        * Loop: 
        +------------------------+---------+---------+----------+-----------+-----------+------+----------+
        |                        |  Latency (cycles) | Iteration|  Initiation Interval  | Trip |          |
        |        Loop Name       |   min   |   max   |  Latency |  achieved |   target  | Count| Pipelined|
        +------------------------+---------+---------+----------+-----------+-----------+------+----------+
        |- seq_write_burst_loop  |        ?|        ?|         3|          1|          1|     ?|       yes|
        +------------------------+---------+---------+----------+-----------+-----------+------+----------+



================================================================
== Utilization Estimates
================================================================
* Summary: 
+---------------------+---------+------+---------+---------+-----+
|         Name        | BRAM_18K|  DSP |    FF   |   LUT   | URAM|
+---------------------+---------+------+---------+---------+-----+
|DSP                  |        -|     -|        -|        -|    -|
|Expression           |        -|     -|        0|       63|    -|
|FIFO                 |        -|     -|        -|        -|    -|
|Instance             |        -|     -|        -|        -|    -|
|Memory               |        -|     -|        -|        -|    -|
|Multiplexer          |        -|     -|        -|       45|    -|
|Register             |        -|     -|      550|        -|    -|
+---------------------+---------+------+---------+---------+-----+
|Total                |        0|     0|      550|      108|    0|
+---------------------+---------+------+---------+---------+-----+
|Available SLR        |     1344|  3008|   869120|   434560|  320|
+---------------------+---------+------+---------+---------+-----+
|Utilization SLR (%)  |        0|     0|       ~0|       ~0|    0|
+---------------------+---------+------+---------+---------+-----+
|Available            |     4032|  9024|  2607360|  1303680|  960|
+---------------------+---------+------+---------+---------+-----+
|Utilization (%)      |        0|     0|       ~0|       ~0|    0|
+---------------------+---------+------+---------+---------+-----+

+ Detail: 
    * Instance: 
    N/A

    * DSP: 
    N/A

    * Memory: 
    N/A

    * FIFO: 
    N/A

    * Expression: 
    +---------------------------+----------+----+---+----+------------+------------+
    |       Variable Name       | Operation| DSP| FF| LUT| Bitwidth P0| Bitwidth P1|
    +---------------------------+----------+----+---+----+------------+------------+
    |add_ln46_fu_107_p2         |         +|   0|  0|  39|          32|           1|
    |ap_block_pp0_stage0_11001  |       and|   0|  0|   2|           1|           1|
    |icmp_ln46_fu_101_p2        |      icmp|   0|  0|  20|          32|          32|
    |ap_enable_pp0              |       xor|   0|  0|   2|           1|           2|
    +---------------------------+----------+----+---+----+------------+------------+
    |Total                      |          |   0|  0|  63|          66|          36|
    +---------------------------+----------+----+---+----+------------+------------+

    * Multiplexer: 
    +-------------------------+----+-----------+-----+-----------+
    |           Name          | LUT| Input Size| Bits| Total Bits|
    +-------------------------+----+-----------+-----+-----------+
    |ap_done_int              |   9|          2|    1|          2|
    |ap_enable_reg_pp0_iter2  |   9|          2|    1|          2|
    |ap_sig_allocacmp_i_1     |   9|          2|   32|         64|
    |gmem_blk_n_W             |   9|          2|    1|          2|
    |i_fu_52                  |   9|          2|   32|         64|
    +-------------------------+----+-----------+-----+-----------+
    |Total                    |  45|         10|   67|        134|
    +-------------------------+----+-----------+-----+-----------+

    * Register: 
    +----------------------------------+-----+----+-----+-----------+
    |               Name               |  FF | LUT| Bits| Const Bits|
    +----------------------------------+-----+----+-----+-----------+
    |ap_CS_fsm                         |    1|   0|    1|          0|
    |ap_done_reg                       |    1|   0|    1|          0|
    |ap_enable_reg_pp0_iter1           |    1|   0|    1|          0|
    |ap_enable_reg_pp0_iter2           |    1|   0|    1|          0|
    |ap_loop_exit_ready_pp0_iter1_reg  |    1|   0|    1|          0|
    |buffer_load_reg_154               |  512|   0|  512|          0|
    |i_fu_52                           |   32|   0|   32|          0|
    |icmp_ln46_reg_140                 |    1|   0|    1|          0|
    +----------------------------------+-----+----+-----+-----------+
    |Total                             |  550|   0|  550|          0|
    +----------------------------------+-----+----+-----+-----------+



================================================================
== Interface
================================================================
* Summary: 
+---------------------+-----+-----+------------+-----------------------------------------------+--------------+
|      RTL Ports      | Dir | Bits|  Protocol  |                 Source Object                 |    C Type    |
+---------------------+-----+-----+------------+-----------------------------------------------+--------------+
|ap_clk               |   in|    1|  ap_ctrl_hs|  seq_write_burst_Pipeline_seq_write_burst_loop|  return value|
|ap_rst               |   in|    1|  ap_ctrl_hs|  seq_write_burst_Pipeline_seq_write_burst_loop|  return value|
|ap_start             |   in|    1|  ap_ctrl_hs|  seq_write_burst_Pipeline_seq_write_burst_loop|  return value|
|ap_done              |  out|    1|  ap_ctrl_hs|  seq_write_burst_Pipeline_seq_write_burst_loop|  return value|
|ap_idle              |  out|    1|  ap_ctrl_hs|  seq_write_burst_Pipeline_seq_write_burst_loop|  return value|
|ap_ready             |  out|    1|  ap_ctrl_hs|  seq_write_burst_Pipeline_seq_write_burst_loop|  return value|
|m_axi_gmem_AWVALID   |  out|    1|       m_axi|                                           gmem|       pointer|
|m_axi_gmem_AWREADY   |   in|    1|       m_axi|                                           gmem|       pointer|
|m_axi_gmem_AWADDR    |  out|   64|       m_axi|                                           gmem|       pointer|
|m_axi_gmem_AWID      |  out|    1|       m_axi|                                           gmem|       pointer|
|m_axi_gmem_AWLEN     |  out|   32|       m_axi|                                           gmem|       pointer|
|m_axi_gmem_AWSIZE    |  out|    3|       m_axi|                                           gmem|       pointer|
|m_axi_gmem_AWBURST   |  out|    2|       m_axi|                                           gmem|       pointer|
|m_axi_gmem_AWLOCK    |  out|    2|       m_axi|                                           gmem|       pointer|
|m_axi_gmem_AWCACHE   |  out|    4|       m_axi|                                           gmem|       pointer|
|m_axi_gmem_AWPROT    |  out|    3|       m_axi|                                           gmem|       pointer|
|m_axi_gmem_AWQOS     |  out|    4|       m_axi|                                           gmem|       pointer|
|m_axi_gmem_AWREGION  |  out|    4|       m_axi|                                           gmem|       pointer|
|m_axi_gmem_AWUSER    |  out|    1|       m_axi|                                           gmem|       pointer|
|m_axi_gmem_WVALID    |  out|    1|       m_axi|                                           gmem|       pointer|
|m_axi_gmem_WREADY    |   in|    1|       m_axi|                                           gmem|       pointer|
|m_axi_gmem_WDATA     |  out|  512|       m_axi|                                           gmem|       pointer|
|m_axi_gmem_WSTRB     |  out|   64|       m_axi|                                           gmem|       pointer|
|m_axi_gmem_WLAST     |  out|    1|       m_axi|                                           gmem|       pointer|
|m_axi_gmem_WID       |  out|    1|       m_axi|                                           gmem|       pointer|
|m_axi_gmem_WUSER     |  out|    1|       m_axi|                                           gmem|       pointer|
|m_axi_gmem_ARVALID   |  out|    1|       m_axi|                                           gmem|       pointer|
|m_axi_gmem_ARREADY   |   in|    1|       m_axi|                                           gmem|       pointer|
|m_axi_gmem_ARADDR    |  out|   64|       m_axi|                                           gmem|       pointer|
|m_axi_gmem_ARID      |  out|    1|       m_axi|                                           gmem|       pointer|
|m_axi_gmem_ARLEN     |  out|   32|       m_axi|                                           gmem|       pointer|
|m_axi_gmem_ARSIZE    |  out|    3|       m_axi|                                           gmem|       pointer|
|m_axi_gmem_ARBURST   |  out|    2|       m_axi|                                           gmem|       pointer|
|m_axi_gmem_ARLOCK    |  out|    2|       m_axi|                                           gmem|       pointer|
|m_axi_gmem_ARCACHE   |  out|    4|       m_axi|                                           gmem|       pointer|
|m_axi_gmem_ARPROT    |  out|    3|       m_axi|                                           gmem|       pointer|
|m_axi_gmem_ARQOS     |  out|    4|       m_axi|                                           gmem|       pointer|
|m_axi_gmem_ARREGION  |  out|    4|       m_axi|                                           gmem|       pointer|
|m_axi_gmem_ARUSER    |  out|    1|       m_axi|                                           gmem|       pointer|
|m_axi_gmem_RVALID    |   in|    1|       m_axi|                                           gmem|       pointer|
|m_axi_gmem_RREADY    |  out|    1|       m_axi|                                           gmem|       pointer|
|m_axi_gmem_RDATA     |   in|  512|       m_axi|                                           gmem|       pointer|
|m_axi_gmem_RLAST     |   in|    1|       m_axi|                                           gmem|       pointer|
|m_axi_gmem_RID       |   in|    1|       m_axi|                                           gmem|       pointer|
|m_axi_gmem_RFIFONUM  |   in|    9|       m_axi|                                           gmem|       pointer|
|m_axi_gmem_RUSER     |   in|    1|       m_axi|                                           gmem|       pointer|
|m_axi_gmem_RRESP     |   in|    2|       m_axi|                                           gmem|       pointer|
|m_axi_gmem_BVALID    |   in|    1|       m_axi|                                           gmem|       pointer|
|m_axi_gmem_BREADY    |  out|    1|       m_axi|                                           gmem|       pointer|
|m_axi_gmem_BRESP     |   in|    2|       m_axi|                                           gmem|       pointer|
|m_axi_gmem_BID       |   in|    1|       m_axi|                                           gmem|       pointer|
|m_axi_gmem_BUSER     |   in|    1|       m_axi|                                           gmem|       pointer|
|sext_ln46            |   in|   58|     ap_none|                                      sext_ln46|        scalar|
|size                 |   in|   32|     ap_none|                                           size|        scalar|
|buffer_r_address0    |  out|    9|   ap_memory|                                       buffer_r|         array|
|buffer_r_ce0         |  out|    1|   ap_memory|                                       buffer_r|         array|
|buffer_r_q0          |   in|  512|   ap_memory|                                       buffer_r|         array|
+---------------------+-----+-----+------------+-----------------------------------------------+--------------+

