

================================================================
== Vitis HLS Report for 'seq_write_burst'
================================================================
* Date:           Tue May 23 21:28:28 2023

* Version:        2022.1.2 (Build 3605665 on Fri Aug  5 22:52:02 MDT 2022)
* Project:        hbm_kernel
* Solution:       solution (Vitis Kernel Flow Target)
* Product family: virtexuplus
* Target device:  xcu280-fsvh2892-2L-e


================================================================
== Performance Estimates
================================================================
+ Timing: 
    * Summary: 
    +--------+---------+----------+------------+
    |  Clock |  Target | Estimated| Uncertainty|
    +--------+---------+----------+------------+
    |ap_clk  |  3.33 ns|  2.433 ns|     0.90 ns|
    +--------+---------+----------+------------+

+ Latency: 
    * Summary: 
    +---------+---------+----------+----------+-----+-----+---------+
    |  Latency (cycles) |  Latency (absolute) |  Interval | Pipeline|
    |   min   |   max   |    min   |    max   | min | max |   Type  |
    +---------+---------+----------+----------+-----+-----+---------+
    |        ?|        ?|         ?|         ?|    ?|    ?|       no|
    +---------+---------+----------+----------+-----+-----+---------+

    + Detail: 
        * Instance: 
        +---------------------------------------------------------+-----------------------------------------------+---------+---------+----------+----------+-----+-----+---------+
        |                                                         |                                               |  Latency (cycles) |  Latency (absolute) |  Interval | Pipeline|
        |                         Instance                        |                     Module                    |   min   |   max   |    min   |    max   | min | max |   Type  |
        +---------------------------------------------------------+-----------------------------------------------+---------+---------+----------+----------+-----+-----+---------+
        |grp_seq_write_burst_Pipeline_seq_write_burst_loop_fu_71  |seq_write_burst_Pipeline_seq_write_burst_loop  |        ?|        ?|         ?|         ?|    ?|    ?|       no|
        +---------------------------------------------------------+-----------------------------------------------+---------+---------+----------+----------+-----+-----+---------+

        * Loop: 
        N/A



================================================================
== Utilization Estimates
================================================================
* Summary: 
+---------------------+---------+------+---------+---------+-----+
|         Name        | BRAM_18K|  DSP |    FF   |   LUT   | URAM|
+---------------------+---------+------+---------+---------+-----+
|DSP                  |        -|     -|        -|        -|    -|
|Expression           |        -|     -|        0|       24|    -|
|FIFO                 |        -|     -|        -|        -|    -|
|Instance             |        -|     -|      550|      108|    -|
|Memory               |        -|     -|        -|        -|    -|
|Multiplexer          |        -|     -|        -|      495|    -|
|Register             |        -|     -|      132|        -|    -|
+---------------------+---------+------+---------+---------+-----+
|Total                |        0|     0|      682|      627|    0|
+---------------------+---------+------+---------+---------+-----+
|Available SLR        |     1344|  3008|   869120|   434560|  320|
+---------------------+---------+------+---------+---------+-----+
|Utilization SLR (%)  |        0|     0|       ~0|       ~0|    0|
+---------------------+---------+------+---------+---------+-----+
|Available            |     4032|  9024|  2607360|  1303680|  960|
+---------------------+---------+------+---------+---------+-----+
|Utilization (%)      |        0|     0|       ~0|       ~0|    0|
+---------------------+---------+------+---------+---------+-----+

+ Detail: 
    * Instance: 
    +---------------------------------------------------------+-----------------------------------------------+---------+----+-----+-----+-----+
    |                         Instance                        |                     Module                    | BRAM_18K| DSP|  FF | LUT | URAM|
    +---------------------------------------------------------+-----------------------------------------------+---------+----+-----+-----+-----+
    |grp_seq_write_burst_Pipeline_seq_write_burst_loop_fu_71  |seq_write_burst_Pipeline_seq_write_burst_loop  |        0|   0|  550|  108|    0|
    +---------------------------------------------------------+-----------------------------------------------+---------+----+-----+-----+-----+
    |Total                                                    |                                               |        0|   0|  550|  108|    0|
    +---------------------------------------------------------+-----------------------------------------------+---------+----+-----+-----+-----+

    * DSP: 
    N/A

    * Memory: 
    N/A

    * FIFO: 
    N/A

    * Expression: 
    +--------------------+----------+----+---+----+------------+------------+
    |    Variable Name   | Operation| DSP| FF| LUT| Bitwidth P0| Bitwidth P1|
    +--------------------+----------+----+---+----+------------+------------+
    |ap_block_state2_io  |       and|   0|  0|   2|           1|           1|
    |ap_block_state72    |       and|   0|  0|   2|           1|           1|
    |icmp_ln46_fu_81_p2  |      icmp|   0|  0|  20|          32|           1|
    +--------------------+----------+----+---+----+------------+------------+
    |Total               |          |   0|  0|  24|          34|           3|
    +--------------------+----------+----+---+----+------------+------------+

    * Multiplexer: 
    +---------------------+-----+-----------+-----+-----------+
    |         Name        | LUT | Input Size| Bits| Total Bits|
    +---------------------+-----+-----------+-----+-----------+
    |ap_NS_fsm            |  331|         73|    1|         73|
    |gmem_blk_n_AW        |    9|          2|    1|          2|
    |gmem_blk_n_B         |    9|          2|    1|          2|
    |m_axi_gmem_AWADDR    |   14|          3|   64|        192|
    |m_axi_gmem_AWBURST   |    9|          2|    2|          4|
    |m_axi_gmem_AWCACHE   |    9|          2|    4|          8|
    |m_axi_gmem_AWID      |    9|          2|    1|          2|
    |m_axi_gmem_AWLEN     |   14|          3|   32|         96|
    |m_axi_gmem_AWLOCK    |    9|          2|    2|          4|
    |m_axi_gmem_AWPROT    |    9|          2|    3|          6|
    |m_axi_gmem_AWQOS     |    9|          2|    4|          8|
    |m_axi_gmem_AWREGION  |    9|          2|    4|          8|
    |m_axi_gmem_AWSIZE    |    9|          2|    3|          6|
    |m_axi_gmem_AWUSER    |    9|          2|    1|          2|
    |m_axi_gmem_AWVALID   |   14|          3|    1|          3|
    |m_axi_gmem_BREADY    |   14|          3|    1|          3|
    |m_axi_gmem_WVALID    |    9|          2|    1|          2|
    +---------------------+-----+-----------+-----+-----------+
    |Total                |  495|        109|  126|        421|
    +---------------------+-----+-----------+-----+-----------+

    * Register: 
    +----------------------------------------------------------------------+----+----+-----+-----------+
    |                                 Name                                 | FF | LUT| Bits| Const Bits|
    +----------------------------------------------------------------------+----+----+-----+-----------+
    |ap_CS_fsm                                                             |  72|   0|   72|          0|
    |grp_seq_write_burst_Pipeline_seq_write_burst_loop_fu_71_ap_start_reg  |   1|   0|    1|          0|
    |icmp_ln46_reg_114                                                     |   1|   0|    1|          0|
    |trunc_ln_reg_118                                                      |  58|   0|   58|          0|
    +----------------------------------------------------------------------+----+----+-----+-----------+
    |Total                                                                 | 132|   0|  132|          0|
    +----------------------------------------------------------------------+----+----+-----+-----------+



================================================================
== Interface
================================================================
* Summary: 
+---------------------+-----+-----+------------+-----------------+--------------+
|      RTL Ports      | Dir | Bits|  Protocol  |  Source Object  |    C Type    |
+---------------------+-----+-----+------------+-----------------+--------------+
|ap_clk               |   in|    1|  ap_ctrl_hs|  seq_write_burst|  return value|
|ap_rst               |   in|    1|  ap_ctrl_hs|  seq_write_burst|  return value|
|ap_start             |   in|    1|  ap_ctrl_hs|  seq_write_burst|  return value|
|ap_done              |  out|    1|  ap_ctrl_hs|  seq_write_burst|  return value|
|ap_idle              |  out|    1|  ap_ctrl_hs|  seq_write_burst|  return value|
|ap_ready             |  out|    1|  ap_ctrl_hs|  seq_write_burst|  return value|
|m_axi_gmem_AWVALID   |  out|    1|       m_axi|             gmem|       pointer|
|m_axi_gmem_AWREADY   |   in|    1|       m_axi|             gmem|       pointer|
|m_axi_gmem_AWADDR    |  out|   64|       m_axi|             gmem|       pointer|
|m_axi_gmem_AWID      |  out|    1|       m_axi|             gmem|       pointer|
|m_axi_gmem_AWLEN     |  out|   32|       m_axi|             gmem|       pointer|
|m_axi_gmem_AWSIZE    |  out|    3|       m_axi|             gmem|       pointer|
|m_axi_gmem_AWBURST   |  out|    2|       m_axi|             gmem|       pointer|
|m_axi_gmem_AWLOCK    |  out|    2|       m_axi|             gmem|       pointer|
|m_axi_gmem_AWCACHE   |  out|    4|       m_axi|             gmem|       pointer|
|m_axi_gmem_AWPROT    |  out|    3|       m_axi|             gmem|       pointer|
|m_axi_gmem_AWQOS     |  out|    4|       m_axi|             gmem|       pointer|
|m_axi_gmem_AWREGION  |  out|    4|       m_axi|             gmem|       pointer|
|m_axi_gmem_AWUSER    |  out|    1|       m_axi|             gmem|       pointer|
|m_axi_gmem_WVALID    |  out|    1|       m_axi|             gmem|       pointer|
|m_axi_gmem_WREADY    |   in|    1|       m_axi|             gmem|       pointer|
|m_axi_gmem_WDATA     |  out|  512|       m_axi|             gmem|       pointer|
|m_axi_gmem_WSTRB     |  out|   64|       m_axi|             gmem|       pointer|
|m_axi_gmem_WLAST     |  out|    1|       m_axi|             gmem|       pointer|
|m_axi_gmem_WID       |  out|    1|       m_axi|             gmem|       pointer|
|m_axi_gmem_WUSER     |  out|    1|       m_axi|             gmem|       pointer|
|m_axi_gmem_ARVALID   |  out|    1|       m_axi|             gmem|       pointer|
|m_axi_gmem_ARREADY   |   in|    1|       m_axi|             gmem|       pointer|
|m_axi_gmem_ARADDR    |  out|   64|       m_axi|             gmem|       pointer|
|m_axi_gmem_ARID      |  out|    1|       m_axi|             gmem|       pointer|
|m_axi_gmem_ARLEN     |  out|   32|       m_axi|             gmem|       pointer|
|m_axi_gmem_ARSIZE    |  out|    3|       m_axi|             gmem|       pointer|
|m_axi_gmem_ARBURST   |  out|    2|       m_axi|             gmem|       pointer|
|m_axi_gmem_ARLOCK    |  out|    2|       m_axi|             gmem|       pointer|
|m_axi_gmem_ARCACHE   |  out|    4|       m_axi|             gmem|       pointer|
|m_axi_gmem_ARPROT    |  out|    3|       m_axi|             gmem|       pointer|
|m_axi_gmem_ARQOS     |  out|    4|       m_axi|             gmem|       pointer|
|m_axi_gmem_ARREGION  |  out|    4|       m_axi|             gmem|       pointer|
|m_axi_gmem_ARUSER    |  out|    1|       m_axi|             gmem|       pointer|
|m_axi_gmem_RVALID    |   in|    1|       m_axi|             gmem|       pointer|
|m_axi_gmem_RREADY    |  out|    1|       m_axi|             gmem|       pointer|
|m_axi_gmem_RDATA     |   in|  512|       m_axi|             gmem|       pointer|
|m_axi_gmem_RLAST     |   in|    1|       m_axi|             gmem|       pointer|
|m_axi_gmem_RID       |   in|    1|       m_axi|             gmem|       pointer|
|m_axi_gmem_RFIFONUM  |   in|    9|       m_axi|             gmem|       pointer|
|m_axi_gmem_RUSER     |   in|    1|       m_axi|             gmem|       pointer|
|m_axi_gmem_RRESP     |   in|    2|       m_axi|             gmem|       pointer|
|m_axi_gmem_BVALID    |   in|    1|       m_axi|             gmem|       pointer|
|m_axi_gmem_BREADY    |  out|    1|       m_axi|             gmem|       pointer|
|m_axi_gmem_BRESP     |   in|    2|       m_axi|             gmem|       pointer|
|m_axi_gmem_BID       |   in|    1|       m_axi|             gmem|       pointer|
|m_axi_gmem_BUSER     |   in|    1|       m_axi|             gmem|       pointer|
|maxi                 |   in|   64|     ap_none|             maxi|        scalar|
|buffer_r_address0    |  out|    9|   ap_memory|         buffer_r|         array|
|buffer_r_ce0         |  out|    1|   ap_memory|         buffer_r|         array|
|buffer_r_q0          |   in|  512|   ap_memory|         buffer_r|         array|
|size                 |   in|   32|     ap_none|             size|        scalar|
+---------------------+-----+-----+------------+-----------------+--------------+

