Copyright 1986-2022 Xilinx, Inc. All Rights Reserved.
--------------------------------------------------------------------------------------------------------------------------------------------------------------------------------------------------------------------------------------------------------------------------------------------------------------------------------------------------------------------------------------------------------------------------------------------------------------------------------------------------------------------------------------------------------------------------------------------------------------------------------------------------------------------------------------------------------------------------------------------------------------------------------------------------------------------------------------------------------------------------------------------------------------------------------------------------------------------------------------------------------------------------------------------------------------------------------------------------------------------------------------------------------------------------------------------------------------------------------------------------------------------------------------------------------------------------------------------------------------------------------------------------------------------------------------------------------------------------------------------------------------------------------------------------------------------------------------------------------------------------------------------------------------------------------------------------------------------------------------------------------------------------------------------------------------------------------------------------------------------------------------------------------------------------------------------------------------------------------------------------------------------------
| Tool Version : Vivado v.2022.1.2 (lin64) Build 3605665 Fri Aug  5 22:52:02 MDT 2022
| Date         : Tue May 23 23:03:17 2023
| Host         : brg-zhang-xcel.ece.cornell.edu running 64-bit CentOS Linux release 7.9.2009 (Core)
| Command      : report_accelerator_utilization -kernels { hbm_kernel:level0_i/ulp/hbm_kernel_00/inst:hbm_kernel_00 hbm_kernel:level0_i/ulp/hbm_kernel_01/inst:hbm_kernel_01 hbm_kernel:level0_i/ulp/hbm_kernel_02/inst:hbm_kernel_02 hbm_kernel:level0_i/ulp/hbm_kernel_03/inst:hbm_kernel_03 hbm_kernel:level0_i/ulp/hbm_kernel_04/inst:hbm_kernel_04 hbm_kernel:level0_i/ulp/hbm_kernel_05/inst:hbm_kernel_05 hbm_kernel:level0_i/ulp/hbm_kernel_06/inst:hbm_kernel_06 hbm_kernel:level0_i/ulp/hbm_kernel_07/inst:hbm_kernel_07 hbm_kernel:level0_i/ulp/hbm_kernel_08/inst:hbm_kernel_08 hbm_kernel:level0_i/ulp/hbm_kernel_09/inst:hbm_kernel_09 hbm_kernel:level0_i/ulp/hbm_kernel_10/inst:hbm_kernel_10 hbm_kernel:level0_i/ulp/hbm_kernel_11/inst:hbm_kernel_11 hbm_kernel:level0_i/ulp/hbm_kernel_12/inst:hbm_kernel_12 hbm_kernel:level0_i/ulp/hbm_kernel_13/inst:hbm_kernel_13 hbm_kernel:level0_i/ulp/hbm_kernel_14/inst:hbm_kernel_14 hbm_kernel:level0_i/ulp/hbm_kernel_15/inst:hbm_kernel_15 hbm_kernel:level0_i/ulp/hbm_kernel_16/inst:hbm_kernel_16 hbm_kernel:level0_i/ulp/hbm_kernel_17/inst:hbm_kernel_17 hbm_kernel:level0_i/ulp/hbm_kernel_18/inst:hbm_kernel_18 hbm_kernel:level0_i/ulp/hbm_kernel_19/inst:hbm_kernel_19 hbm_kernel:level0_i/ulp/hbm_kernel_20/inst:hbm_kernel_20 hbm_kernel:level0_i/ulp/hbm_kernel_21/inst:hbm_kernel_21 hbm_kernel:level0_i/ulp/hbm_kernel_22/inst:hbm_kernel_22 hbm_kernel:level0_i/ulp/hbm_kernel_23/inst:hbm_kernel_23 hbm_kernel:level0_i/ulp/hbm_kernel_24/inst:hbm_kernel_24 hbm_kernel:level0_i/ulp/hbm_kernel_25/inst:hbm_kernel_25 hbm_kernel:level0_i/ulp/hbm_kernel_26/inst:hbm_kernel_26 hbm_kernel:level0_i/ulp/hbm_kernel_27/inst:hbm_kernel_27 hbm_kernel:level0_i/ulp/hbm_kernel_28/inst:hbm_kernel_28 hbm_kernel:level0_i/ulp/hbm_kernel_29/inst:hbm_kernel_29 hbm_kernel:level0_i/ulp/hbm_kernel_30/inst:hbm_kernel_30 hbm_kernel:level0_i/ulp/hbm_kernel_31/inst:hbm_kernel_31} -file kernel_util_synthed.rpt -name kernel_util_synthed -json
| Design       : level0_wrapper
| Device       : xcu280
| Design State : Synthesized
--------------------------------------------------------------------------------------------------------------------------------------------------------------------------------------------------------------------------------------------------------------------------------------------------------------------------------------------------------------------------------------------------------------------------------------------------------------------------------------------------------------------------------------------------------------------------------------------------------------------------------------------------------------------------------------------------------------------------------------------------------------------------------------------------------------------------------------------------------------------------------------------------------------------------------------------------------------------------------------------------------------------------------------------------------------------------------------------------------------------------------------------------------------------------------------------------------------------------------------------------------------------------------------------------------------------------------------------------------------------------------------------------------------------------------------------------------------------------------------------------------------------------------------------------------------------------------------------------------------------------------------------------------------------------------------------------------------------------------------------------------------------------------------------------------------------------------------------------------------------------------------------------------------------------------------------------------------------------------------------------------------------------

Accelerator Utilization Design Information

Table of Contents
-----------------
1. System Utilization

1. System Utilization
---------------------

+---------------------+-------------------+------------------+-------------------+----------------+---------------+----------------+
| Name                | LUT               | LUTAsMem         | REG               | BRAM           | URAM          | DSP            |
+---------------------+-------------------+------------------+-------------------+----------------+---------------+----------------+
| Platform            |  218176 [ 16.74%] |  36796 [  6.12%] |  320089 [ 12.28%] |  199 [  9.87%] |   0 [  0.00%] |    4 [  0.04%] |
| User Budget         | 1085504 [100.00%] | 564164 [100.00%] | 2287271 [100.00%] | 1817 [100.00%] | 960 [100.00%] | 9020 [100.00%] |
|    Used Resources   |  342176 [ 31.52%] |  45056 [  7.99%] |  483968 [ 21.16%] |  480 [ 26.42%] | 256 [ 26.67%] |    0 [  0.00%] |
|    Unused Resources |  743328 [ 68.48%] | 519108 [ 92.01%] | 1803303 [ 78.84%] | 1337 [ 73.58%] | 704 [ 73.33%] | 9020 [100.00%] |
| hbm_kernel          |  342176 [ 31.52%] |  45056 [  7.99%] |  483968 [ 21.16%] |  480 [ 26.42%] | 256 [ 26.67%] |    0 [  0.00%] |
|    hbm_kernel_00    |   10693 [  0.99%] |   1408 [  0.25%] |   15124 [  0.66%] |   15 [  0.83%] |   8 [  0.83%] |    0 [  0.00%] |
|    hbm_kernel_01    |   10693 [  0.99%] |   1408 [  0.25%] |   15124 [  0.66%] |   15 [  0.83%] |   8 [  0.83%] |    0 [  0.00%] |
|    hbm_kernel_02    |   10693 [  0.99%] |   1408 [  0.25%] |   15124 [  0.66%] |   15 [  0.83%] |   8 [  0.83%] |    0 [  0.00%] |
|    hbm_kernel_03    |   10693 [  0.99%] |   1408 [  0.25%] |   15124 [  0.66%] |   15 [  0.83%] |   8 [  0.83%] |    0 [  0.00%] |
|    hbm_kernel_04    |   10693 [  0.99%] |   1408 [  0.25%] |   15124 [  0.66%] |   15 [  0.83%] |   8 [  0.83%] |    0 [  0.00%] |
|    hbm_kernel_05    |   10693 [  0.99%] |   1408 [  0.25%] |   15124 [  0.66%] |   15 [  0.83%] |   8 [  0.83%] |    0 [  0.00%] |
|    hbm_kernel_06    |   10693 [  0.99%] |   1408 [  0.25%] |   15124 [  0.66%] |   15 [  0.83%] |   8 [  0.83%] |    0 [  0.00%] |
|    hbm_kernel_07    |   10693 [  0.99%] |   1408 [  0.25%] |   15124 [  0.66%] |   15 [  0.83%] |   8 [  0.83%] |    0 [  0.00%] |
|    hbm_kernel_08    |   10693 [  0.99%] |   1408 [  0.25%] |   15124 [  0.66%] |   15 [  0.83%] |   8 [  0.83%] |    0 [  0.00%] |
|    hbm_kernel_09    |   10693 [  0.99%] |   1408 [  0.25%] |   15124 [  0.66%] |   15 [  0.83%] |   8 [  0.83%] |    0 [  0.00%] |
|    hbm_kernel_10    |   10693 [  0.99%] |   1408 [  0.25%] |   15124 [  0.66%] |   15 [  0.83%] |   8 [  0.83%] |    0 [  0.00%] |
|    hbm_kernel_11    |   10693 [  0.99%] |   1408 [  0.25%] |   15124 [  0.66%] |   15 [  0.83%] |   8 [  0.83%] |    0 [  0.00%] |
|    hbm_kernel_12    |   10693 [  0.99%] |   1408 [  0.25%] |   15124 [  0.66%] |   15 [  0.83%] |   8 [  0.83%] |    0 [  0.00%] |
|    hbm_kernel_13    |   10693 [  0.99%] |   1408 [  0.25%] |   15124 [  0.66%] |   15 [  0.83%] |   8 [  0.83%] |    0 [  0.00%] |
|    hbm_kernel_14    |   10693 [  0.99%] |   1408 [  0.25%] |   15124 [  0.66%] |   15 [  0.83%] |   8 [  0.83%] |    0 [  0.00%] |
|    hbm_kernel_15    |   10693 [  0.99%] |   1408 [  0.25%] |   15124 [  0.66%] |   15 [  0.83%] |   8 [  0.83%] |    0 [  0.00%] |
|    hbm_kernel_16    |   10693 [  0.99%] |   1408 [  0.25%] |   15124 [  0.66%] |   15 [  0.83%] |   8 [  0.83%] |    0 [  0.00%] |
|    hbm_kernel_17    |   10693 [  0.99%] |   1408 [  0.25%] |   15124 [  0.66%] |   15 [  0.83%] |   8 [  0.83%] |    0 [  0.00%] |
|    hbm_kernel_18    |   10693 [  0.99%] |   1408 [  0.25%] |   15124 [  0.66%] |   15 [  0.83%] |   8 [  0.83%] |    0 [  0.00%] |
|    hbm_kernel_19    |   10693 [  0.99%] |   1408 [  0.25%] |   15124 [  0.66%] |   15 [  0.83%] |   8 [  0.83%] |    0 [  0.00%] |
|    hbm_kernel_20    |   10693 [  0.99%] |   1408 [  0.25%] |   15124 [  0.66%] |   15 [  0.83%] |   8 [  0.83%] |    0 [  0.00%] |
|    hbm_kernel_21    |   10693 [  0.99%] |   1408 [  0.25%] |   15124 [  0.66%] |   15 [  0.83%] |   8 [  0.83%] |    0 [  0.00%] |
|    hbm_kernel_22    |   10693 [  0.99%] |   1408 [  0.25%] |   15124 [  0.66%] |   15 [  0.83%] |   8 [  0.83%] |    0 [  0.00%] |
|    hbm_kernel_23    |   10693 [  0.99%] |   1408 [  0.25%] |   15124 [  0.66%] |   15 [  0.83%] |   8 [  0.83%] |    0 [  0.00%] |
|    hbm_kernel_24    |   10693 [  0.99%] |   1408 [  0.25%] |   15124 [  0.66%] |   15 [  0.83%] |   8 [  0.83%] |    0 [  0.00%] |
|    hbm_kernel_25    |   10693 [  0.99%] |   1408 [  0.25%] |   15124 [  0.66%] |   15 [  0.83%] |   8 [  0.83%] |    0 [  0.00%] |
|    hbm_kernel_26    |   10693 [  0.99%] |   1408 [  0.25%] |   15124 [  0.66%] |   15 [  0.83%] |   8 [  0.83%] |    0 [  0.00%] |
|    hbm_kernel_27    |   10693 [  0.99%] |   1408 [  0.25%] |   15124 [  0.66%] |   15 [  0.83%] |   8 [  0.83%] |    0 [  0.00%] |
|    hbm_kernel_28    |   10693 [  0.99%] |   1408 [  0.25%] |   15124 [  0.66%] |   15 [  0.83%] |   8 [  0.83%] |    0 [  0.00%] |
|    hbm_kernel_29    |   10693 [  0.99%] |   1408 [  0.25%] |   15124 [  0.66%] |   15 [  0.83%] |   8 [  0.83%] |    0 [  0.00%] |
|    hbm_kernel_30    |   10693 [  0.99%] |   1408 [  0.25%] |   15124 [  0.66%] |   15 [  0.83%] |   8 [  0.83%] |    0 [  0.00%] |
|    hbm_kernel_31    |   10693 [  0.99%] |   1408 [  0.25%] |   15124 [  0.66%] |   15 [  0.83%] |   8 [  0.83%] |    0 [  0.00%] |
+---------------------+-------------------+------------------+-------------------+----------------+---------------+----------------+


